2020-01-14 12:00:14.188 [DEBUG] [WebSocketConnectReadThread-10] [com.huobi.wss.handle.WssMarketHandle.onOpen:57] - onOpen Success
2020-01-14 12:00:44.630 [DEBUG] [WebSocketConnectReadThread-10] [com.huobi.wss.handle.WssMarketHandle.onOpen:57] - onOpen Success
2020-01-14 12:00:50.376 [DEBUG] [pool-2-thread-1] [com.huobi.wss.handle.WssMarketHandle.dealPing:125] - 发送pong:{"pong":1}
2020-01-14 12:00:56.783 [DEBUG] [pool-2-thread-1] [com.huobi.wss.handle.WssMarketHandle.dealPing:125] - 发送pong:{"pong":2}
2020-01-14 12:01:05.110 [DEBUG] [pool-2-thread-1] [com.huobi.wss.handle.WssMarketHandle.dealPing:125] - 发送pong:{"pong":3}
2020-01-14 12:01:17.010 [DEBUG] [pool-2-thread-1] [com.huobi.wss.handle.WssMarketHandle.dealPing:125] - 发送pong:{"pong":4}
2020-01-14 12:01:23.423 [DEBUG] [pool-2-thread-1] [com.huobi.wss.handle.WssMarketHandle.dealPing:125] - 发送pong:{"pong":5}
2020-01-14 12:01:27.605 [DEBUG] [pool-2-thread-1] [com.huobi.wss.handle.WssMarketHandle.dealPing:125] - 发送pong:{"pong":6}
2020-01-14 12:01:34.317 [DEBUG] [pool-2-thread-1] [com.huobi.wss.handle.WssMarketHandle.dealPing:125] - 发送pong:{"pong":7}
2020-01-14 12:01:46.705 [DEBUG] [pool-2-thread-1] [com.huobi.wss.handle.WssMarketHandle.dealPing:125] - 发送pong:{"pong":8}
2020-01-14 12:01:49.030 [DEBUG] [pool-2-thread-1] [com.huobi.wss.handle.WssMarketHandle.dealPing:125] - 发送pong:{"pong":9}
2020-01-14 12:01:53.708 [DEBUG] [pool-2-thread-1] [com.huobi.wss.handle.WssMarketHandle.dealPing:125] - 发送pong:{"pong":10}
2020-01-14 12:01:59.669 [DEBUG] [pool-2-thread-1] [com.huobi.wss.handle.WssMarketHandle.dealPing:125] - 发送pong:{"pong":11}
2020-01-14 12:02:08.493 [DEBUG] [pool-2-thread-1] [com.huobi.wss.handle.WssMarketHandle.dealPing:125] - 发送pong:{"pong":12}
2020-01-14 12:02:10.630 [DEBUG] [pool-2-thread-1] [com.huobi.wss.handle.WssMarketHandle.dealPing:125] - 发送pong:{"pong":13}
2020-01-14 12:02:14.361 [DEBUG] [pool-2-thread-1] [com.huobi.wss.handle.WssMarketHandle.dealPing:125] - 发送pong:{"pong":14}
2020-01-14 12:02:21.347 [DEBUG] [pool-2-thread-1] [com.huobi.wss.handle.WssMarketHandle.dealPing:125] - 发送pong:{"pong":15}
2020-01-14 12:02:29.850 [DEBUG] [pool-2-thread-1] [com.huobi.wss.handle.WssMarketHandle.dealPing:125] - 发送pong:{"pong":16}
2020-01-14 12:02:35.075 [DEBUG] [pool-2-thread-1] [com.huobi.wss.handle.WssMarketHandle.dealPing:125] - 发送pong:{"pong":17}
2020-01-14 12:02:41.778 [DEBUG] [pool-2-thread-1] [com.huobi.wss.handle.WssMarketHandle.dealPing:125] - 发送pong:{"pong":18}
2020-01-14 12:03:11.953 [DEBUG] [WebSocketConnectReadThread-10] [com.huobi.wss.handle.WssMarketHandle.onOpen:57] - onOpen Success
2020-01-14 12:04:44.262 [DEBUG] [WebSocketConnectReadThread-10] [com.huobi.wss.handle.WssMarketHandle.onOpen:57] - onOpen Success
2020-01-14 12:05:09.919 [DEBUG] [WebSocketConnectReadThread-10] [com.huobi.wss.handle.WssMarketHandle.onOpen:57] - onOpen Success
2020-01-14 12:05:14.913 [DEBUG] [pool-2-thread-1] [com.huobi.wss.handle.WssMarketHandle.dealPing:125] - 发送pong:{"pong":1}
2020-01-14 12:05:20.113 [DEBUG] [pool-2-thread-1] [com.huobi.wss.handle.WssMarketHandle.dealPing:125] - 发送pong:{"pong":2}
2020-01-14 12:05:28.373 [DEBUG] [pool-2-thread-1] [com.huobi.wss.handle.WssMarketHandle.dealPing:125] - 发送pong:{"pong":3}
2020-01-14 12:05:39.186 [DEBUG] [pool-2-thread-1] [com.huobi.wss.handle.WssMarketHandle.dealPing:125] - 发送pong:{"pong":4}
2020-01-14 12:05:43.634 [DEBUG] [pool-2-thread-1] [com.huobi.wss.handle.WssMarketHandle.dealPing:125] - 发送pong:{"pong":5}
2020-01-14 12:05:46.967 [DEBUG] [pool-2-thread-1] [com.huobi.wss.handle.WssMarketHandle.dealPing:125] - 发送pong:{"pong":6}
2020-01-14 12:05:52.532 [DEBUG] [pool-2-thread-1] [com.huobi.wss.handle.WssMarketHandle.dealPing:125] - 发送pong:{"pong":7}
2020-01-14 12:06:01.682 [DEBUG] [pool-2-thread-1] [com.huobi.wss.handle.WssMarketHandle.dealPing:125] - 发送pong:{"pong":8}
2020-01-14 12:06:08.868 [DEBUG] [pool-2-thread-1] [com.huobi.wss.handle.WssMarketHandle.dealPing:125] - 发送pong:{"pong":9}
2020-01-14 12:06:11.509 [DEBUG] [pool-2-thread-1] [com.huobi.wss.handle.WssMarketHandle.dealPing:125] - 发送pong:{"pong":10}
2020-01-14 12:06:16.436 [DEBUG] [pool-2-thread-1] [com.huobi.wss.handle.WssMarketHandle.dealPing:125] - 发送pong:{"pong":11}
2020-01-14 12:06:26.511 [DEBUG] [pool-2-thread-1] [com.huobi.wss.handle.WssMarketHandle.dealPing:125] - 发送pong:{"pong":12}
2020-01-14 12:06:35.452 [DEBUG] [pool-2-thread-1] [com.huobi.wss.handle.WssMarketHandle.dealPing:125] - 发送pong:{"pong":13}
2020-01-14 12:06:37.067 [DEBUG] [pool-2-thread-1] [com.huobi.wss.handle.WssMarketHandle.dealPing:125] - 发送pong:{"pong":14}
2020-01-14 12:06:40.877 [DEBUG] [pool-2-thread-1] [com.huobi.wss.handle.WssMarketHandle.dealPing:125] - 发送pong:{"pong":15}
2020-01-14 12:06:48.764 [DEBUG] [pool-2-thread-1] [com.huobi.wss.handle.WssMarketHandle.dealPing:125] - 发送pong:{"pong":16}
2020-01-14 12:06:59.260 [DEBUG] [pool-2-thread-1] [com.huobi.wss.handle.WssMarketHandle.dealPing:125] - 发送pong:{"pong":17}
2020-01-14 12:07:02.495 [DEBUG] [pool-2-thread-1] [com.huobi.wss.handle.WssMarketHandle.dealPing:125] - 发送pong:{"pong":18}
2020-01-14 12:07:05.197 [DEBUG] [pool-2-thread-1] [com.huobi.wss.handle.WssMarketHandle.dealPing:125] - 发送pong:{"pong":19}
2020-01-14 12:07:11.850 [DEBUG] [pool-2-thread-1] [com.huobi.wss.handle.WssMarketHandle.dealPing:125] - 发送pong:{"pong":20}
2020-01-14 12:07:22.133 [DEBUG] [pool-2-thread-1] [com.huobi.wss.handle.WssMarketHandle.dealPing:125] - 发送pong:{"pong":21}
2020-01-14 12:07:30.525 [DEBUG] [pool-2-thread-1] [com.huobi.wss.handle.WssMarketHandle.dealPing:125] - 发送pong:{"pong":22}
2020-01-14 12:07:34.451 [DEBUG] [pool-2-thread-1] [com.huobi.wss.handle.WssMarketHandle.dealPing:125] - 发送pong:{"pong":23}
2020-01-14 12:07:42.095 [DEBUG] [pool-2-thread-1] [com.huobi.wss.handle.WssMarketHandle.dealPing:125] - 发送pong:{"pong":24}
2020-01-14 12:07:49.525 [DEBUG] [pool-2-thread-1] [com.huobi.wss.handle.WssMarketHandle.dealPing:125] - 发送pong:{"pong":25}
2020-01-14 12:08:03.011 [DEBUG] [pool-2-thread-1] [com.huobi.wss.handle.WssMarketHandle.dealPing:125] - 发送pong:{"pong":26}
2020-01-14 12:08:04.948 [DEBUG] [pool-2-thread-1] [com.huobi.wss.handle.WssMarketHandle.dealPing:125] - 发送pong:{"pong":27}
2020-01-14 12:08:11.383 [DEBUG] [pool-2-thread-1] [com.huobi.wss.handle.WssMarketHandle.dealPing:125] - 发送pong:{"pong":28}
2020-01-14 12:08:23.293 [DEBUG] [pool-2-thread-1] [com.huobi.wss.handle.WssMarketHandle.dealPing:125] - 发送pong:{"pong":29}
2020-01-14 12:08:34.045 [DEBUG] [pool-2-thread-1] [com.huobi.wss.handle.WssMarketHandle.dealPing:125] - 发送pong:{"pong":30}
2020-01-14 12:08:37.103 [DEBUG] [pool-2-thread-1] [com.huobi.wss.handle.WssMarketHandle.dealPing:125] - 发送pong:{"pong":31}
2020-01-14 12:08:39.868 [DEBUG] [pool-2-thread-1] [com.huobi.wss.handle.WssMarketHandle.dealPing:125] - 发送pong:{"pong":32}
2020-01-14 12:08:47.167 [DEBUG] [pool-2-thread-1] [com.huobi.wss.handle.WssMarketHandle.dealPing:125] - 发送pong:{"pong":33}
2020-01-14 12:08:57.486 [DEBUG] [pool-2-thread-1] [com.huobi.wss.handle.WssMarketHandle.dealPing:125] - 发送pong:{"pong":34}
2020-01-14 12:09:04.661 [DEBUG] [pool-2-thread-1] [com.huobi.wss.handle.WssMarketHandle.dealPing:125] - 发送pong:{"pong":35}
2020-01-14 12:09:07.606 [DEBUG] [pool-2-thread-1] [com.huobi.wss.handle.WssMarketHandle.dealPing:125] - 发送pong:{"pong":36}
2020-01-14 12:09:11.492 [DEBUG] [pool-2-thread-1] [com.huobi.wss.handle.WssMarketHandle.dealPing:125] - 发送pong:{"pong":37}
2020-01-14 12:09:19.057 [DEBUG] [pool-2-thread-1] [com.huobi.wss.handle.WssMarketHandle.dealPing:125] - 发送pong:{"pong":38}
2020-01-14 12:09:27.186 [DEBUG] [pool-2-thread-1] [com.huobi.wss.handle.WssMarketHandle.dealPing:125] - 发送pong:{"pong":39}
2020-01-14 12:09:35.127 [DEBUG] [pool-2-thread-1] [com.huobi.wss.handle.WssMarketHandle.dealPing:125] - 发送pong:{"pong":40}
2020-01-14 12:09:38.004 [DEBUG] [pool-2-thread-1] [com.huobi.wss.handle.WssMarketHandle.dealPing:125] - 发送pong:{"pong":41}
2020-01-14 12:09:45.221 [DEBUG] [pool-2-thread-1] [com.huobi.wss.handle.WssMarketHandle.dealPing:125] - 发送pong:{"pong":42}
2020-01-14 12:09:51.788 [DEBUG] [pool-2-thread-1] [com.huobi.wss.handle.WssMarketHandle.dealPing:125] - 发送pong:{"pong":43}
2020-01-14 12:10:01.775 [DEBUG] [pool-2-thread-1] [com.huobi.wss.handle.WssMarketHandle.dealPing:125] - 发送pong:{"pong":44}
2020-01-14 12:10:05.934 [DEBUG] [pool-2-thread-1] [com.huobi.wss.handle.WssMarketHandle.dealPing:125] - 发送pong:{"pong":45}
2020-01-14 12:10:10.001 [DEBUG] [pool-2-thread-1] [com.huobi.wss.handle.WssMarketHandle.dealPing:125] - 发送pong:{"pong":46}
2020-01-14 12:10:22.745 [DEBUG] [pool-2-thread-1] [com.huobi.wss.handle.WssMarketHandle.dealPing:125] - 发送pong:{"pong":47}
2020-01-14 12:10:37.377 [DEBUG] [pool-2-thread-1] [com.huobi.wss.handle.WssMarketHandle.dealPing:125] - 发送pong:{"pong":48}
2020-01-14 12:10:40.769 [DEBUG] [pool-2-thread-1] [com.huobi.wss.handle.WssMarketHandle.dealPing:125] - 发送pong:{"pong":49}
2020-01-14 12:10:45.613 [DEBUG] [pool-2-thread-1] [com.huobi.wss.handle.WssMarketHandle.dealPing:125] - 发送pong:{"pong":50}
2020-01-14 12:10:56.138 [DEBUG] [pool-2-thread-1] [com.huobi.wss.handle.WssMarketHandle.dealPing:125] - 发送pong:{"pong":51}
2020-01-14 12:11:08.380 [DEBUG] [pool-2-thread-1] [com.huobi.wss.handle.WssMarketHandle.dealPing:125] - 发送pong:{"pong":52}
2020-01-14 12:11:15.418 [DEBUG] [pool-2-thread-1] [com.huobi.wss.handle.WssMarketHandle.dealPing:125] - 发送pong:{"pong":53}
2020-01-14 12:11:17.909 [DEBUG] [pool-2-thread-1] [com.huobi.wss.handle.WssMarketHandle.dealPing:125] - 发送pong:{"pong":54}
2020-01-14 12:23:39.324 [DEBUG] [WebSocketConnectReadThread-10] [com.huobi.wss.handle.WssMarketHandle.onOpen:57] - onOpen Success
2020-01-14 12:23:44.170 [DEBUG] [pool-2-thread-1] [com.huobi.wss.handle.WssMarketHandle.dealPing:125] - 发送pong:{"pong":1}
2020-01-14 12:23:51.715 [DEBUG] [pool-2-thread-1] [com.huobi.wss.handle.WssMarketHandle.dealPing:125] - 发送pong:{"pong":2}
2020-01-14 12:24:03.100 [DEBUG] [pool-2-thread-1] [com.huobi.wss.handle.WssMarketHandle.dealPing:125] - 发送pong:{"pong":3}
2020-01-14 12:24:18.071 [DEBUG] [pool-2-thread-1] [com.huobi.wss.handle.WssMarketHandle.dealPing:125] - 发送pong:{"pong":4}
2020-01-14 12:24:25.512 [DEBUG] [pool-2-thread-1] [com.huobi.wss.handle.WssMarketHandle.dealPing:125] - 发送pong:{"pong":5}
2020-01-14 12:24:30.727 [DEBUG] [pool-2-thread-1] [com.huobi.wss.handle.WssMarketHandle.dealPing:125] - 发送pong:{"pong":6}
2020-01-14 12:24:39.802 [DEBUG] [pool-2-thread-1] [com.huobi.wss.handle.WssMarketHandle.dealPing:125] - 发送pong:{"pong":7}
2020-01-14 12:24:58.160 [DEBUG] [pool-2-thread-1] [com.huobi.wss.handle.WssMarketHandle.dealPing:125] - 发送pong:{"pong":8}
2020-01-14 12:25:05.294 [DEBUG] [pool-2-thread-1] [com.huobi.wss.handle.WssMarketHandle.dealPing:125] - 发送pong:{"pong":9}
2020-01-14 12:25:09.752 [DEBUG] [pool-2-thread-1] [com.huobi.wss.handle.WssMarketHandle.dealPing:125] - 发送pong:{"pong":10}
2020-01-14 12:25:23.323 [DEBUG] [pool-2-thread-1] [com.huobi.wss.handle.WssMarketHandle.dealPing:125] - 发送pong:{"pong":11}
2020-01-14 12:25:40.637 [DEBUG] [pool-2-thread-1] [com.huobi.wss.handle.WssMarketHandle.dealPing:125] - 发送pong:{"pong":12}
2020-01-14 12:25:47.206 [DEBUG] [pool-2-thread-1] [com.huobi.wss.handle.WssMarketHandle.dealPing:125] - 发送pong:{"pong":13}
2020-01-14 12:25:54.192 [DEBUG] [pool-2-thread-1] [com.huobi.wss.handle.WssMarketHandle.dealPing:125] - 发送pong:{"pong":14}
2020-01-14 12:26:06.121 [DEBUG] [pool-2-thread-1] [com.huobi.wss.handle.WssMarketHandle.dealPing:125] - 发送pong:{"pong":15}
2020-01-14 12:27:05.941 [DEBUG] [WebSocketConnectReadThread-10] [com.huobi.wss.handle.WssMarketHandle.onOpen:57] - onOpen Success
2020-01-14 12:27:13.064 [DEBUG] [pool-2-thread-1] [com.huobi.wss.handle.WssMarketHandle.dealPing:125] - 发送pong:{"pong":1}
2020-01-14 12:27:23.803 [DEBUG] [pool-2-thread-1] [com.huobi.wss.handle.WssMarketHandle.dealPing:125] - 发送pong:{"pong":2}
2020-01-14 12:27:43.826 [DEBUG] [pool-2-thread-1] [com.huobi.wss.handle.WssMarketHandle.dealPing:125] - 发送pong:{"pong":3}
2020-01-14 12:27:43.970 [ERROR] [WebSocketConnectReadThread-10] [com.huobi.wss.handle.WssMarketHandle.onClose:93] - onClose i:1006,s:,b:true
2020-01-14 12:27:51.760 [DEBUG] [pool-2-thread-1] [com.huobi.wss.handle.WssMarketHandle.dealPing:125] - 发送pong:{"pong":4}
2020-01-14 12:27:51.761 [ERROR] [pool-2-thread-1] [com.huobi.wss.handle.WssMarketHandle.dealPing:128] - dealPing出现了异常
2020-01-14 12:27:56.490 [DEBUG] [pool-2-thread-1] [com.huobi.wss.handle.WssMarketHandle.dealPing:125] - 发送pong:{"pong":5}
2020-01-14 12:27:56.490 [ERROR] [pool-2-thread-1] [com.huobi.wss.handle.WssMarketHandle.dealPing:128] - dealPing出现了异常
2020-01-14 12:28:06.027 [ERROR] [pool-1-thread-1] [com.huobi.wss.handle.WssMarketHandle.run:141] - isClosed:true,isClosing:false，准备重连
2020-01-14 12:28:06.463 [DEBUG] [WebSocketConnectReadThread-18] [com.huobi.wss.handle.WssMarketHandle.onOpen:57] - onOpen Success
2020-01-14 12:28:06.478 [ERROR] [pool-1-thread-1] [com.huobi.wss.handle.WssMarketHandle.run:143] - 重连的结果为：true
2020-01-14 12:28:07.400 [DEBUG] [pool-2-thread-1] [com.huobi.wss.handle.WssMarketHandle.dealPing:125] - 发送pong:{"pong":6}
