2020-01-09 18:00:10.609 [DEBUG] [pool-2-thread-1] [com.huobi.wss.handle.WssMarketHandle.dealPing:125] - 发送pong:{"pong":2}
2020-01-09 18:00:29.920 [DEBUG] [pool-2-thread-1] [com.huobi.wss.handle.WssMarketHandle.dealPing:125] - 发送pong:{"pong":3}
2020-01-09 18:00:44.066 [DEBUG] [pool-2-thread-1] [com.huobi.wss.handle.WssMarketHandle.dealPing:125] - 发送pong:{"pong":4}
2020-01-09 18:01:04.151 [ERROR] [WebSocketConnectReadThread-10] [com.huobi.wss.handle.WssMarketHandle.onClose:93] - onClose i:1006,s:,b:true
2020-01-09 18:01:12.097 [ERROR] [pool-1-thread-1] [com.huobi.wss.handle.WssMarketHandle.run:141] - isClosed:true,isClosing:false，准备重连
2020-01-09 18:01:12.777 [DEBUG] [WebSocketConnectReadThread-20] [com.huobi.wss.handle.WssMarketHandle.onOpen:57] - onOpen Success
2020-01-09 18:01:12.783 [ERROR] [pool-1-thread-1] [com.huobi.wss.handle.WssMarketHandle.run:143] - 重连的结果为：true
2020-01-09 18:01:17.188 [DEBUG] [pool-2-thread-1] [com.huobi.wss.handle.WssMarketHandle.dealPing:125] - 发送pong:{"pong":5}
2020-01-09 18:01:37.464 [ERROR] [WebSocketConnectReadThread-20] [com.huobi.wss.handle.WssMarketHandle.onClose:93] - onClose i:1006,s:,b:true
2020-01-09 18:01:42.099 [ERROR] [pool-1-thread-1] [com.huobi.wss.handle.WssMarketHandle.run:141] - isClosed:true,isClosing:false，准备重连
2020-01-09 18:01:42.825 [DEBUG] [WebSocketConnectReadThread-23] [com.huobi.wss.handle.WssMarketHandle.onOpen:57] - onOpen Success
2020-01-09 18:01:42.828 [ERROR] [pool-1-thread-1] [com.huobi.wss.handle.WssMarketHandle.run:143] - 重连的结果为：true
2020-01-09 18:01:59.690 [DEBUG] [pool-2-thread-1] [com.huobi.wss.handle.WssMarketHandle.dealPing:125] - 发送pong:{"pong":6}
2020-01-09 18:02:20.165 [ERROR] [WebSocketConnectReadThread-23] [com.huobi.wss.handle.WssMarketHandle.onClose:93] - onClose i:1006,s:,b:true
2020-01-09 18:02:22.094 [ERROR] [pool-1-thread-2] [com.huobi.wss.handle.WssMarketHandle.run:141] - isClosed:true,isClosing:false，准备重连
2020-01-09 18:02:23.181 [DEBUG] [WebSocketConnectReadThread-26] [com.huobi.wss.handle.WssMarketHandle.onOpen:57] - onOpen Success
2020-01-09 18:02:23.185 [ERROR] [pool-1-thread-2] [com.huobi.wss.handle.WssMarketHandle.run:143] - 重连的结果为：true
2020-01-09 18:02:41.801 [DEBUG] [pool-2-thread-1] [com.huobi.wss.handle.WssMarketHandle.dealPing:125] - 发送pong:{"pong":7}
2020-01-09 18:03:01.871 [ERROR] [WebSocketConnectReadThread-26] [com.huobi.wss.handle.WssMarketHandle.onClose:93] - onClose i:1006,s:,b:true
2020-01-09 18:03:02.093 [ERROR] [pool-1-thread-1] [com.huobi.wss.handle.WssMarketHandle.run:141] - isClosed:true,isClosing:false，准备重连
2020-01-09 18:03:02.531 [DEBUG] [WebSocketConnectReadThread-29] [com.huobi.wss.handle.WssMarketHandle.onOpen:57] - onOpen Success
2020-01-09 18:03:02.536 [ERROR] [pool-1-thread-1] [com.huobi.wss.handle.WssMarketHandle.run:143] - 重连的结果为：true
2020-01-09 18:03:21.943 [DEBUG] [pool-2-thread-1] [com.huobi.wss.handle.WssMarketHandle.dealPing:125] - 发送pong:{"pong":8}
2020-01-09 18:03:42.012 [ERROR] [WebSocketConnectReadThread-29] [com.huobi.wss.handle.WssMarketHandle.onClose:93] - onClose i:1006,s:,b:true
2020-01-09 18:03:42.093 [ERROR] [pool-1-thread-1] [com.huobi.wss.handle.WssMarketHandle.run:141] - isClosed:true,isClosing:false，准备重连
2020-01-09 18:03:42.947 [DEBUG] [WebSocketConnectReadThread-32] [com.huobi.wss.handle.WssMarketHandle.onOpen:57] - onOpen Success
2020-01-09 18:03:42.951 [ERROR] [pool-1-thread-1] [com.huobi.wss.handle.WssMarketHandle.run:143] - 重连的结果为：true
2020-01-09 18:04:02.948 [ERROR] [WebSocketConnectReadThread-32] [com.huobi.wss.handle.WssMarketHandle.onClose:93] - onClose i:1006,s:,b:true
2020-01-09 18:04:03.196 [ERROR] [pool-1-thread-2] [com.huobi.wss.handle.WssMarketHandle.run:141] - isClosed:true,isClosing:false，准备重连
2020-01-09 18:04:03.670 [DEBUG] [WebSocketConnectReadThread-35] [com.huobi.wss.handle.WssMarketHandle.onOpen:57] - onOpen Success
2020-01-09 18:04:03.673 [ERROR] [pool-1-thread-2] [com.huobi.wss.handle.WssMarketHandle.run:143] - 重连的结果为：true
2020-01-09 18:04:12.282 [DEBUG] [pool-2-thread-1] [com.huobi.wss.handle.WssMarketHandle.dealPing:125] - 发送pong:{"pong":9}
2020-01-09 18:04:32.363 [ERROR] [WebSocketConnectReadThread-35] [com.huobi.wss.handle.WssMarketHandle.onClose:93] - onClose i:1006,s:,b:true
2020-01-09 18:04:32.545 [ERROR] [pool-1-thread-2] [com.huobi.wss.handle.WssMarketHandle.run:141] - isClosed:true,isClosing:false，准备重连
2020-01-09 18:04:33.014 [DEBUG] [WebSocketConnectReadThread-38] [com.huobi.wss.handle.WssMarketHandle.onOpen:57] - onOpen Success
2020-01-09 18:04:33.020 [ERROR] [pool-1-thread-2] [com.huobi.wss.handle.WssMarketHandle.run:143] - 重连的结果为：true
2020-01-09 18:04:53.012 [ERROR] [WebSocketConnectReadThread-38] [com.huobi.wss.handle.WssMarketHandle.onClose:93] - onClose i:1006,s:,b:true
2020-01-09 18:04:53.190 [ERROR] [pool-1-thread-1] [com.huobi.wss.handle.WssMarketHandle.run:141] - isClosed:true,isClosing:false，准备重连
2020-01-09 18:04:53.636 [DEBUG] [WebSocketConnectReadThread-41] [com.huobi.wss.handle.WssMarketHandle.onOpen:57] - onOpen Success
2020-01-09 18:04:53.640 [ERROR] [pool-1-thread-1] [com.huobi.wss.handle.WssMarketHandle.run:143] - 重连的结果为：true
2020-01-09 18:05:05.529 [DEBUG] [pool-2-thread-1] [com.huobi.wss.handle.WssMarketHandle.dealPing:125] - 发送pong:{"pong":10}
2020-01-09 18:05:25.601 [ERROR] [WebSocketConnectReadThread-41] [com.huobi.wss.handle.WssMarketHandle.onClose:93] - onClose i:1006,s:,b:true
2020-01-09 18:05:32.094 [ERROR] [pool-1-thread-1] [com.huobi.wss.handle.WssMarketHandle.run:141] - isClosed:true,isClosing:false，准备重连
2020-01-09 18:05:32.676 [DEBUG] [WebSocketConnectReadThread-44] [com.huobi.wss.handle.WssMarketHandle.onOpen:57] - onOpen Success
2020-01-09 18:05:32.680 [ERROR] [pool-1-thread-1] [com.huobi.wss.handle.WssMarketHandle.run:143] - 重连的结果为：true
2020-01-09 18:05:52.658 [ERROR] [WebSocketConnectReadThread-44] [com.huobi.wss.handle.WssMarketHandle.onClose:93] - onClose i:1006,s:,b:true
2020-01-09 18:05:52.810 [ERROR] [pool-1-thread-2] [com.huobi.wss.handle.WssMarketHandle.run:141] - isClosed:true,isClosing:false，准备重连
2020-01-09 18:05:53.299 [DEBUG] [WebSocketConnectReadThread-47] [com.huobi.wss.handle.WssMarketHandle.onOpen:57] - onOpen Success
2020-01-09 18:05:53.308 [ERROR] [pool-1-thread-2] [com.huobi.wss.handle.WssMarketHandle.run:143] - 重连的结果为：true
2020-01-09 18:06:13.226 [ERROR] [WebSocketConnectReadThread-47] [com.huobi.wss.handle.WssMarketHandle.onClose:93] - onClose i:1006,s:,b:true
2020-01-09 18:06:13.648 [ERROR] [pool-1-thread-2] [com.huobi.wss.handle.WssMarketHandle.run:141] - isClosed:true,isClosing:false，准备重连
2020-01-09 18:06:14.844 [DEBUG] [WebSocketConnectReadThread-50] [com.huobi.wss.handle.WssMarketHandle.onOpen:57] - onOpen Success
2020-01-09 18:06:14.903 [ERROR] [pool-1-thread-2] [com.huobi.wss.handle.WssMarketHandle.run:143] - 重连的结果为：true
2020-01-09 18:06:20.334 [DEBUG] [pool-2-thread-1] [com.huobi.wss.handle.WssMarketHandle.dealPing:125] - 发送pong:{"pong":11}
2020-01-09 18:06:40.419 [ERROR] [WebSocketConnectReadThread-50] [com.huobi.wss.handle.WssMarketHandle.onClose:93] - onClose i:1006,s:,b:true
2020-01-09 18:06:42.147 [ERROR] [pool-1-thread-1] [com.huobi.wss.handle.WssMarketHandle.run:141] - isClosed:true,isClosing:false，准备重连
2020-01-09 18:06:42.755 [DEBUG] [WebSocketConnectReadThread-53] [com.huobi.wss.handle.WssMarketHandle.onOpen:57] - onOpen Success
2020-01-09 18:06:42.781 [ERROR] [pool-1-thread-1] [com.huobi.wss.handle.WssMarketHandle.run:143] - 重连的结果为：true
2020-01-09 18:07:02.756 [ERROR] [WebSocketConnectReadThread-53] [com.huobi.wss.handle.WssMarketHandle.onClose:93] - onClose i:1006,s:,b:true
2020-01-09 18:07:02.784 [ERROR] [pool-1-thread-2] [com.huobi.wss.handle.WssMarketHandle.run:141] - isClosed:true,isClosing:false，准备重连
2020-01-09 18:07:03.322 [DEBUG] [WebSocketConnectReadThread-56] [com.huobi.wss.handle.WssMarketHandle.onOpen:57] - onOpen Success
2020-01-09 18:07:03.324 [ERROR] [pool-1-thread-2] [com.huobi.wss.handle.WssMarketHandle.run:143] - 重连的结果为：true
2020-01-09 18:07:23.367 [ERROR] [WebSocketConnectReadThread-56] [com.huobi.wss.handle.WssMarketHandle.onClose:93] - onClose i:1006,s:,b:true
2020-01-09 18:07:23.674 [ERROR] [pool-1-thread-2] [com.huobi.wss.handle.WssMarketHandle.run:141] - isClosed:true,isClosing:false，准备重连
2020-01-09 18:07:23.674 [ERROR] [pool-1-thread-1] [com.huobi.wss.handle.WssMarketHandle.run:141] - isClosed:true,isClosing:false，准备重连
2020-01-09 18:07:24.249 [DEBUG] [WebSocketConnectReadThread-59] [com.huobi.wss.handle.WssMarketHandle.onOpen:57] - onOpen Success
2020-01-09 18:07:24.251 [ERROR] [pool-1-thread-2] [com.huobi.wss.handle.WssMarketHandle.run:143] - 重连的结果为：true
2020-01-09 18:07:44.249 [ERROR] [WebSocketConnectReadThread-59] [com.huobi.wss.handle.WssMarketHandle.onClose:93] - onClose i:1006,s:,b:true
2020-01-09 18:07:44.768 [DEBUG] [WebSocketConnectReadThread-62] [com.huobi.wss.handle.WssMarketHandle.onOpen:57] - onOpen Success
2020-01-09 18:07:44.769 [ERROR] [pool-1-thread-1] [com.huobi.wss.handle.WssMarketHandle.run:143] - 重连的结果为：true
2020-01-09 18:07:57.121 [DEBUG] [pool-2-thread-1] [com.huobi.wss.handle.WssMarketHandle.dealPing:125] - 发送pong:{"pong":12}
2020-01-09 18:08:17.199 [ERROR] [WebSocketConnectReadThread-62] [com.huobi.wss.handle.WssMarketHandle.onClose:93] - onClose i:1006,s:,b:true
2020-01-09 18:08:22.092 [ERROR] [pool-1-thread-1] [com.huobi.wss.handle.WssMarketHandle.run:141] - isClosed:true,isClosing:false，准备重连
2020-01-09 18:08:22.897 [DEBUG] [WebSocketConnectReadThread-65] [com.huobi.wss.handle.WssMarketHandle.onOpen:57] - onOpen Success
2020-01-09 18:08:22.898 [ERROR] [pool-1-thread-1] [com.huobi.wss.handle.WssMarketHandle.run:143] - 重连的结果为：true
2020-01-09 18:08:42.826 [ERROR] [WebSocketConnectReadThread-65] [com.huobi.wss.handle.WssMarketHandle.onClose:93] - onClose i:1006,s:,b:true
2020-01-09 18:08:42.830 [ERROR] [pool-1-thread-1] [com.huobi.wss.handle.WssMarketHandle.run:141] - isClosed:true,isClosing:false，准备重连
2020-01-09 18:08:43.421 [DEBUG] [WebSocketConnectReadThread-68] [com.huobi.wss.handle.WssMarketHandle.onOpen:57] - onOpen Success
2020-01-09 18:08:43.422 [ERROR] [pool-1-thread-1] [com.huobi.wss.handle.WssMarketHandle.run:143] - 重连的结果为：true
2020-01-09 18:09:03.460 [ERROR] [WebSocketConnectReadThread-68] [com.huobi.wss.handle.WssMarketHandle.onClose:93] - onClose i:1006,s:,b:true
2020-01-09 18:09:03.640 [ERROR] [pool-1-thread-2] [com.huobi.wss.handle.WssMarketHandle.run:141] - isClosed:true,isClosing:false，准备重连
2020-01-09 18:09:04.234 [DEBUG] [WebSocketConnectReadThread-71] [com.huobi.wss.handle.WssMarketHandle.onOpen:57] - onOpen Success
2020-01-09 18:09:04.243 [ERROR] [pool-1-thread-2] [com.huobi.wss.handle.WssMarketHandle.run:143] - 重连的结果为：true
2020-01-09 18:09:05.060 [DEBUG] [pool-2-thread-1] [com.huobi.wss.handle.WssMarketHandle.dealPing:125] - 发送pong:{"pong":13}
2020-01-09 18:09:52.467 [DEBUG] [WebSocketConnectReadThread-13] [com.huobi.wss.handle.WssMarketHandle.onOpen:57] - onOpen Success
2020-01-09 18:09:59.938 [DEBUG] [pool-2-thread-1] [com.huobi.wss.handle.WssMarketHandle.dealPing:125] - 发送pong:{"pong":1}
2020-01-09 18:10:13.410 [DEBUG] [pool-2-thread-1] [com.huobi.wss.handle.WssMarketHandle.dealPing:125] - 发送pong:{"pong":2}
2020-01-09 18:10:31.192 [DEBUG] [pool-2-thread-1] [com.huobi.wss.handle.WssMarketHandle.dealPing:125] - 发送pong:{"pong":3}
2020-01-09 18:10:51.277 [ERROR] [WebSocketConnectReadThread-13] [com.huobi.wss.handle.WssMarketHandle.onClose:93] - onClose i:1006,s:,b:true
2020-01-09 18:10:52.680 [ERROR] [pool-1-thread-1] [com.huobi.wss.handle.WssMarketHandle.run:141] - isClosed:true,isClosing:false，准备重连
2020-01-09 18:10:53.543 [DEBUG] [WebSocketConnectReadThread-19] [com.huobi.wss.handle.WssMarketHandle.onOpen:57] - onOpen Success
2020-01-09 18:10:53.549 [ERROR] [pool-1-thread-1] [com.huobi.wss.handle.WssMarketHandle.run:143] - 重连的结果为：true
2020-01-09 18:11:03.355 [DEBUG] [pool-2-thread-1] [com.huobi.wss.handle.WssMarketHandle.dealPing:125] - 发送pong:{"pong":4}
2020-01-09 18:11:23.469 [ERROR] [WebSocketConnectReadThread-19] [com.huobi.wss.handle.WssMarketHandle.onClose:93] - onClose i:1006,s:,b:true
2020-01-09 18:11:32.687 [ERROR] [pool-1-thread-1] [com.huobi.wss.handle.WssMarketHandle.run:141] - isClosed:true,isClosing:false，准备重连
2020-01-09 18:11:33.156 [DEBUG] [WebSocketConnectReadThread-23] [com.huobi.wss.handle.WssMarketHandle.onOpen:57] - onOpen Success
2020-01-09 18:11:33.167 [ERROR] [pool-1-thread-1] [com.huobi.wss.handle.WssMarketHandle.run:143] - 重连的结果为：true
2020-01-09 18:11:47.776 [DEBUG] [pool-2-thread-1] [com.huobi.wss.handle.WssMarketHandle.dealPing:125] - 发送pong:{"pong":5}
2020-01-09 18:12:07.873 [ERROR] [WebSocketConnectReadThread-23] [com.huobi.wss.handle.WssMarketHandle.onClose:93] - onClose i:1006,s:,b:true
2020-01-09 18:12:12.679 [ERROR] [pool-1-thread-1] [com.huobi.wss.handle.WssMarketHandle.run:141] - isClosed:true,isClosing:false，准备重连
2020-01-09 18:12:13.520 [DEBUG] [WebSocketConnectReadThread-26] [com.huobi.wss.handle.WssMarketHandle.onOpen:57] - onOpen Success
2020-01-09 18:12:13.524 [ERROR] [pool-1-thread-1] [com.huobi.wss.handle.WssMarketHandle.run:143] - 重连的结果为：true
2020-01-09 18:13:26.891 [DEBUG] [WebSocketConnectReadThread-10] [com.huobi.wss.handle.WssMarketHandle.onOpen:57] - onOpen Success
2020-01-09 18:13:34.697 [DEBUG] [pool-2-thread-1] [com.huobi.wss.handle.WssMarketHandle.dealPing:125] - 发送pong:{"pong":1}
2020-01-09 18:13:51.788 [DEBUG] [pool-2-thread-1] [com.huobi.wss.handle.WssMarketHandle.dealPing:125] - 发送pong:{"pong":2}
2020-01-09 18:14:11.868 [ERROR] [WebSocketConnectReadThread-10] [com.huobi.wss.handle.WssMarketHandle.onClose:93] - onClose i:1006,s:,b:true
2020-01-09 18:14:24.749 [DEBUG] [pool-2-thread-1] [com.huobi.wss.handle.WssMarketHandle.dealPing:125] - 发送pong:{"pong":3}
2020-01-09 18:14:24.750 [ERROR] [pool-2-thread-1] [com.huobi.wss.handle.WssMarketHandle.dealPing:128] - dealPing出现了异常
2020-01-09 18:14:26.985 [ERROR] [pool-1-thread-1] [com.huobi.wss.handle.WssMarketHandle.run:141] - isClosed:true,isClosing:false，准备重连
2020-01-09 18:14:27.409 [DEBUG] [WebSocketConnectReadThread-16] [com.huobi.wss.handle.WssMarketHandle.onOpen:57] - onOpen Success
2020-01-09 18:14:27.436 [ERROR] [pool-1-thread-1] [com.huobi.wss.handle.WssMarketHandle.run:143] - 重连的结果为：true
2020-01-09 18:14:47.416 [ERROR] [WebSocketConnectReadThread-16] [com.huobi.wss.handle.WssMarketHandle.onClose:93] - onClose i:1006,s:,b:true
2020-01-09 18:14:51.300 [DEBUG] [pool-2-thread-1] [com.huobi.wss.handle.WssMarketHandle.dealPing:125] - 发送pong:{"pong":4}
2020-01-09 18:14:51.300 [ERROR] [pool-2-thread-1] [com.huobi.wss.handle.WssMarketHandle.dealPing:128] - dealPing出现了异常
2020-01-09 18:14:56.986 [ERROR] [pool-1-thread-1] [com.huobi.wss.handle.WssMarketHandle.run:141] - isClosed:true,isClosing:false，准备重连
2020-01-09 18:14:57.585 [DEBUG] [WebSocketConnectReadThread-20] [com.huobi.wss.handle.WssMarketHandle.onOpen:57] - onOpen Success
2020-01-09 18:14:57.589 [ERROR] [pool-1-thread-1] [com.huobi.wss.handle.WssMarketHandle.run:143] - 重连的结果为：true
2020-01-09 18:15:17.875 [ERROR] [WebSocketConnectReadThread-20] [com.huobi.wss.handle.WssMarketHandle.onClose:93] - onClose i:1006,s:,b:true
2020-01-09 18:15:26.995 [ERROR] [pool-1-thread-2] [com.huobi.wss.handle.WssMarketHandle.run:141] - isClosed:true,isClosing:false，准备重连
2020-01-09 18:15:27.422 [DEBUG] [WebSocketConnectReadThread-23] [com.huobi.wss.handle.WssMarketHandle.onOpen:57] - onOpen Success
2020-01-09 18:15:27.433 [ERROR] [pool-1-thread-2] [com.huobi.wss.handle.WssMarketHandle.run:143] - 重连的结果为：true
2020-01-09 18:15:34.468 [DEBUG] [pool-2-thread-1] [com.huobi.wss.handle.WssMarketHandle.dealPing:125] - 发送pong:{"pong":5}
2020-01-09 18:15:54.540 [ERROR] [WebSocketConnectReadThread-23] [com.huobi.wss.handle.WssMarketHandle.onClose:93] - onClose i:1006,s:,b:true
2020-01-09 18:15:56.986 [ERROR] [pool-1-thread-1] [com.huobi.wss.handle.WssMarketHandle.run:141] - isClosed:true,isClosing:false，准备重连
2020-01-09 18:15:57.421 [DEBUG] [WebSocketConnectReadThread-26] [com.huobi.wss.handle.WssMarketHandle.onOpen:57] - onOpen Success
2020-01-09 18:15:57.425 [ERROR] [pool-1-thread-1] [com.huobi.wss.handle.WssMarketHandle.run:143] - 重连的结果为：true
2020-01-09 18:16:17.425 [ERROR] [WebSocketConnectReadThread-26] [com.huobi.wss.handle.WssMarketHandle.onClose:93] - onClose i:1006,s:,b:true
2020-01-09 18:16:17.591 [ERROR] [pool-1-thread-1] [com.huobi.wss.handle.WssMarketHandle.run:141] - isClosed:true,isClosing:false，准备重连
2020-01-09 18:16:18.055 [DEBUG] [WebSocketConnectReadThread-29] [com.huobi.wss.handle.WssMarketHandle.onOpen:57] - onOpen Success
2020-01-09 18:16:18.073 [ERROR] [pool-1-thread-1] [com.huobi.wss.handle.WssMarketHandle.run:143] - 重连的结果为：true
2020-01-09 18:16:38.072 [ERROR] [WebSocketConnectReadThread-29] [com.huobi.wss.handle.WssMarketHandle.onClose:93] - onClose i:1006,s:,b:true
2020-01-09 18:16:38.829 [DEBUG] [pool-2-thread-1] [com.huobi.wss.handle.WssMarketHandle.dealPing:125] - 发送pong:{"pong":6}
2020-01-09 18:16:38.829 [ERROR] [pool-2-thread-1] [com.huobi.wss.handle.WssMarketHandle.dealPing:128] - dealPing出现了异常
2020-01-09 18:16:46.986 [ERROR] [pool-1-thread-2] [com.huobi.wss.handle.WssMarketHandle.run:141] - isClosed:true,isClosing:false，准备重连
2020-01-09 18:16:47.412 [DEBUG] [WebSocketConnectReadThread-32] [com.huobi.wss.handle.WssMarketHandle.onOpen:57] - onOpen Success
2020-01-09 18:16:47.420 [ERROR] [pool-1-thread-2] [com.huobi.wss.handle.WssMarketHandle.run:143] - 重连的结果为：true
2020-01-09 18:17:07.447 [ERROR] [WebSocketConnectReadThread-32] [com.huobi.wss.handle.WssMarketHandle.onClose:93] - onClose i:1006,s:,b:true
2020-01-09 18:17:07.591 [ERROR] [pool-1-thread-2] [com.huobi.wss.handle.WssMarketHandle.run:141] - isClosed:true,isClosing:false，准备重连
2020-01-09 18:17:08.577 [DEBUG] [WebSocketConnectReadThread-35] [com.huobi.wss.handle.WssMarketHandle.onOpen:57] - onOpen Success
2020-01-09 18:17:08.591 [ERROR] [pool-1-thread-2] [com.huobi.wss.handle.WssMarketHandle.run:143] - 重连的结果为：true
2020-01-09 18:17:28.578 [ERROR] [WebSocketConnectReadThread-35] [com.huobi.wss.handle.WssMarketHandle.onClose:93] - onClose i:1006,s:,b:true
2020-01-09 18:17:36.985 [ERROR] [pool-1-thread-2] [com.huobi.wss.handle.WssMarketHandle.run:141] - isClosed:true,isClosing:false，准备重连
2020-01-09 18:17:37.450 [DEBUG] [WebSocketConnectReadThread-38] [com.huobi.wss.handle.WssMarketHandle.onOpen:57] - onOpen Success
2020-01-09 18:17:37.462 [ERROR] [pool-1-thread-2] [com.huobi.wss.handle.WssMarketHandle.run:143] - 重连的结果为：true
2020-01-09 18:17:57.451 [ERROR] [WebSocketConnectReadThread-38] [com.huobi.wss.handle.WssMarketHandle.onClose:93] - onClose i:1006,s:,b:true
2020-01-09 18:17:57.590 [ERROR] [pool-1-thread-2] [com.huobi.wss.handle.WssMarketHandle.run:141] - isClosed:true,isClosing:false，准备重连
2020-01-09 18:17:58.013 [DEBUG] [WebSocketConnectReadThread-41] [com.huobi.wss.handle.WssMarketHandle.onOpen:57] - onOpen Success
2020-01-09 18:17:58.023 [ERROR] [pool-1-thread-2] [com.huobi.wss.handle.WssMarketHandle.run:143] - 重连的结果为：true
2020-01-09 18:18:01.227 [DEBUG] [pool-2-thread-1] [com.huobi.wss.handle.WssMarketHandle.dealPing:125] - 发送pong:{"pong":7}
2020-01-09 18:18:21.363 [ERROR] [WebSocketConnectReadThread-41] [com.huobi.wss.handle.WssMarketHandle.onClose:93] - onClose i:1006,s:,b:true
2020-01-09 18:18:26.985 [ERROR] [pool-1-thread-1] [com.huobi.wss.handle.WssMarketHandle.run:141] - isClosed:true,isClosing:false，准备重连
2020-01-09 18:18:28.404 [DEBUG] [WebSocketConnectReadThread-44] [com.huobi.wss.handle.WssMarketHandle.onOpen:57] - onOpen Success
2020-01-09 18:18:28.407 [ERROR] [pool-1-thread-1] [com.huobi.wss.handle.WssMarketHandle.run:143] - 重连的结果为：true
2020-01-09 18:18:48.489 [ERROR] [WebSocketConnectReadThread-44] [com.huobi.wss.handle.WssMarketHandle.onClose:93] - onClose i:1006,s:,b:true
2020-01-09 18:18:48.587 [ERROR] [pool-1-thread-2] [com.huobi.wss.handle.WssMarketHandle.run:141] - isClosed:true,isClosing:false，准备重连
2020-01-09 18:18:48.978 [DEBUG] [WebSocketConnectReadThread-47] [com.huobi.wss.handle.WssMarketHandle.onOpen:57] - onOpen Success
2020-01-09 18:18:48.980 [ERROR] [pool-1-thread-2] [com.huobi.wss.handle.WssMarketHandle.run:143] - 重连的结果为：true
2020-01-09 18:19:09.035 [ERROR] [WebSocketConnectReadThread-47] [com.huobi.wss.handle.WssMarketHandle.onClose:93] - onClose i:1006,s:,b:true
2020-01-09 18:19:16.985 [ERROR] [pool-1-thread-2] [com.huobi.wss.handle.WssMarketHandle.run:141] - isClosed:true,isClosing:false，准备重连
2020-01-09 18:19:17.522 [DEBUG] [WebSocketConnectReadThread-50] [com.huobi.wss.handle.WssMarketHandle.onOpen:57] - onOpen Success
2020-01-09 18:19:17.528 [ERROR] [pool-1-thread-2] [com.huobi.wss.handle.WssMarketHandle.run:143] - 重连的结果为：true
2020-01-09 18:19:58.987 [DEBUG] [WebSocketConnectReadThread-10] [com.huobi.wss.handle.WssMarketHandle.onOpen:57] - onOpen Success
2020-01-09 18:20:04.130 [DEBUG] [pool-2-thread-1] [com.huobi.wss.handle.WssMarketHandle.dealPing:125] - 发送pong:{"pong":1}
2020-01-09 18:20:09.043 [DEBUG] [pool-2-thread-1] [com.huobi.wss.handle.WssMarketHandle.dealPing:125] - 发送pong:{"pong":2}
2020-01-09 18:20:14.042 [DEBUG] [pool-2-thread-1] [com.huobi.wss.handle.WssMarketHandle.dealPing:125] - 发送pong:{"pong":3}
2020-01-09 18:20:19.064 [DEBUG] [pool-2-thread-1] [com.huobi.wss.handle.WssMarketHandle.dealPing:125] - 发送pong:{"pong":4}
2020-01-09 18:20:24.057 [DEBUG] [pool-2-thread-1] [com.huobi.wss.handle.WssMarketHandle.dealPing:125] - 发送pong:{"pong":5}
2020-01-09 18:20:29.312 [DEBUG] [pool-2-thread-1] [com.huobi.wss.handle.WssMarketHandle.dealPing:125] - 发送pong:{"pong":6}
2020-01-09 18:20:34.063 [DEBUG] [pool-2-thread-1] [com.huobi.wss.handle.WssMarketHandle.dealPing:125] - 发送pong:{"pong":7}
2020-01-09 18:20:39.026 [DEBUG] [pool-2-thread-1] [com.huobi.wss.handle.WssMarketHandle.dealPing:125] - 发送pong:{"pong":8}
2020-01-09 18:20:44.125 [DEBUG] [pool-2-thread-1] [com.huobi.wss.handle.WssMarketHandle.dealPing:125] - 发送pong:{"pong":9}
2020-01-09 18:20:48.982 [DEBUG] [pool-2-thread-1] [com.huobi.wss.handle.WssMarketHandle.dealPing:125] - 发送pong:{"pong":10}
2020-01-09 18:21:28.825 [DEBUG] [WebSocketConnectReadThread-10] [com.huobi.wss.handle.WssMarketHandle.onOpen:57] - onOpen Success
2020-01-09 18:21:35.015 [DEBUG] [pool-2-thread-1] [com.huobi.wss.handle.WssMarketHandle.dealPing:125] - 发送pong:{"pong":1}
2020-01-09 18:21:48.435 [DEBUG] [pool-2-thread-1] [com.huobi.wss.handle.WssMarketHandle.dealPing:125] - 发送pong:{"pong":2}
2020-01-09 18:22:08.529 [ERROR] [WebSocketConnectReadThread-10] [com.huobi.wss.handle.WssMarketHandle.onClose:93] - onClose i:1006,s:,b:true
2020-01-09 18:22:15.312 [DEBUG] [pool-2-thread-1] [com.huobi.wss.handle.WssMarketHandle.dealPing:125] - 发送pong:{"pong":3}
2020-01-09 18:22:15.313 [ERROR] [pool-2-thread-1] [com.huobi.wss.handle.WssMarketHandle.dealPing:128] - dealPing出现了异常
2020-01-09 18:22:28.903 [ERROR] [pool-1-thread-1] [com.huobi.wss.handle.WssMarketHandle.run:141] - isClosed:true,isClosing:false，准备重连
2020-01-09 18:22:29.368 [DEBUG] [WebSocketConnectReadThread-16] [com.huobi.wss.handle.WssMarketHandle.onOpen:57] - onOpen Success
2020-01-09 18:22:29.374 [ERROR] [pool-1-thread-1] [com.huobi.wss.handle.WssMarketHandle.run:143] - 重连的结果为：true
2020-01-09 18:22:40.463 [DEBUG] [pool-2-thread-1] [com.huobi.wss.handle.WssMarketHandle.dealPing:125] - 发送pong:{"pong":4}
2020-01-09 18:23:00.764 [ERROR] [WebSocketConnectReadThread-16] [com.huobi.wss.handle.WssMarketHandle.onClose:93] - onClose i:1006,s:,b:true
2020-01-09 18:23:08.904 [ERROR] [pool-1-thread-1] [com.huobi.wss.handle.WssMarketHandle.run:141] - isClosed:true,isClosing:false，准备重连
2020-01-09 18:23:09.338 [DEBUG] [WebSocketConnectReadThread-20] [com.huobi.wss.handle.WssMarketHandle.onOpen:57] - onOpen Success
2020-01-09 18:23:09.344 [ERROR] [pool-1-thread-1] [com.huobi.wss.handle.WssMarketHandle.run:143] - 重连的结果为：true
2020-01-09 18:23:28.136 [DEBUG] [pool-2-thread-1] [com.huobi.wss.handle.WssMarketHandle.dealPing:125] - 发送pong:{"pong":5}
2020-01-09 18:23:48.216 [ERROR] [WebSocketConnectReadThread-20] [com.huobi.wss.handle.WssMarketHandle.onClose:93] - onClose i:1006,s:,b:true
2020-01-09 18:23:48.903 [ERROR] [pool-1-thread-2] [com.huobi.wss.handle.WssMarketHandle.run:141] - isClosed:true,isClosing:false，准备重连
2020-01-09 18:23:49.322 [DEBUG] [WebSocketConnectReadThread-23] [com.huobi.wss.handle.WssMarketHandle.onOpen:57] - onOpen Success
2020-01-09 18:23:49.331 [ERROR] [pool-1-thread-2] [com.huobi.wss.handle.WssMarketHandle.run:143] - 重连的结果为：true
2020-01-09 18:24:11.745 [DEBUG] [WebSocketConnectReadThread-10] [com.huobi.wss.handle.WssMarketHandle.onOpen:57] - onOpen Success
2020-01-09 18:24:17.081 [DEBUG] [pool-2-thread-1] [com.huobi.wss.handle.WssMarketHandle.dealPing:125] - 发送pong:{"pong":1}
2020-01-09 18:24:25.989 [DEBUG] [pool-2-thread-1] [com.huobi.wss.handle.WssMarketHandle.dealPing:125] - 发送pong:{"pong":2}
2020-01-09 18:24:44.228 [DEBUG] [pool-2-thread-1] [com.huobi.wss.handle.WssMarketHandle.dealPing:125] - 发送pong:{"pong":3}
2020-01-09 18:24:56.644 [DEBUG] [pool-2-thread-1] [com.huobi.wss.handle.WssMarketHandle.dealPing:125] - 发送pong:{"pong":4}
2020-01-09 18:25:04.014 [DEBUG] [pool-2-thread-1] [com.huobi.wss.handle.WssMarketHandle.dealPing:125] - 发送pong:{"pong":5}
2020-01-09 18:25:22.670 [DEBUG] [pool-2-thread-1] [com.huobi.wss.handle.WssMarketHandle.dealPing:125] - 发送pong:{"pong":6}
2020-01-09 18:25:37.825 [DEBUG] [pool-2-thread-1] [com.huobi.wss.handle.WssMarketHandle.dealPing:125] - 发送pong:{"pong":7}
2020-01-09 18:25:46.700 [DEBUG] [pool-2-thread-1] [com.huobi.wss.handle.WssMarketHandle.dealPing:125] - 发送pong:{"pong":8}
2020-01-09 18:26:04.432 [DEBUG] [pool-2-thread-1] [com.huobi.wss.handle.WssMarketHandle.dealPing:125] - 发送pong:{"pong":9}
2020-01-09 18:26:19.739 [DEBUG] [pool-2-thread-1] [com.huobi.wss.handle.WssMarketHandle.dealPing:125] - 发送pong:{"pong":10}
2020-01-09 18:26:29.223 [DEBUG] [pool-2-thread-1] [com.huobi.wss.handle.WssMarketHandle.dealPing:125] - 发送pong:{"pong":11}
2020-01-09 18:26:48.498 [DEBUG] [pool-2-thread-1] [com.huobi.wss.handle.WssMarketHandle.dealPing:125] - 发送pong:{"pong":12}
2020-01-09 18:27:00.759 [DEBUG] [pool-2-thread-1] [com.huobi.wss.handle.WssMarketHandle.dealPing:125] - 发送pong:{"pong":13}
2020-01-09 18:27:07.967 [DEBUG] [pool-2-thread-1] [com.huobi.wss.handle.WssMarketHandle.dealPing:125] - 发送pong:{"pong":14}
2020-01-09 18:27:20.260 [DEBUG] [pool-2-thread-1] [com.huobi.wss.handle.WssMarketHandle.dealPing:125] - 发送pong:{"pong":15}
2020-01-09 18:27:38.507 [DEBUG] [pool-2-thread-1] [com.huobi.wss.handle.WssMarketHandle.dealPing:125] - 发送pong:{"pong":16}
2020-01-09 18:27:45.198 [DEBUG] [pool-2-thread-1] [com.huobi.wss.handle.WssMarketHandle.dealPing:125] - 发送pong:{"pong":17}
2020-01-09 18:27:59.817 [DEBUG] [pool-2-thread-1] [com.huobi.wss.handle.WssMarketHandle.dealPing:125] - 发送pong:{"pong":18}
2020-01-09 18:28:18.411 [DEBUG] [pool-2-thread-1] [com.huobi.wss.handle.WssMarketHandle.dealPing:125] - 发送pong:{"pong":19}
2020-01-09 18:28:27.433 [DEBUG] [pool-2-thread-1] [com.huobi.wss.handle.WssMarketHandle.dealPing:125] - 发送pong:{"pong":20}
2020-01-09 18:28:38.673 [DEBUG] [pool-2-thread-1] [com.huobi.wss.handle.WssMarketHandle.dealPing:125] - 发送pong:{"pong":21}
2020-01-09 18:28:56.935 [DEBUG] [pool-2-thread-1] [com.huobi.wss.handle.WssMarketHandle.dealPing:125] - 发送pong:{"pong":22}
2020-01-09 18:29:03.209 [DEBUG] [pool-2-thread-1] [com.huobi.wss.handle.WssMarketHandle.dealPing:125] - 发送pong:{"pong":23}
2020-01-09 18:29:17.476 [DEBUG] [pool-2-thread-1] [com.huobi.wss.handle.WssMarketHandle.dealPing:125] - 发送pong:{"pong":24}
2020-01-09 18:29:35.117 [DEBUG] [pool-2-thread-1] [com.huobi.wss.handle.WssMarketHandle.dealPing:125] - 发送pong:{"pong":25}
2020-01-09 18:29:38.339 [DEBUG] [pool-2-thread-1] [com.huobi.wss.handle.WssMarketHandle.dealPing:125] - 发送pong:{"pong":26}
2020-01-09 18:29:49.513 [DEBUG] [pool-2-thread-1] [com.huobi.wss.handle.WssMarketHandle.dealPing:125] - 发送pong:{"pong":27}
2020-01-09 18:30:09.599 [ERROR] [WebSocketConnectReadThread-10] [com.huobi.wss.handle.WssMarketHandle.onClose:93] - onClose i:1006,s:,b:true
2020-01-09 18:30:11.317 [DEBUG] [pool-2-thread-1] [com.huobi.wss.handle.WssMarketHandle.dealPing:125] - 发送pong:{"pong":28}
2020-01-09 18:30:11.317 [ERROR] [pool-2-thread-1] [com.huobi.wss.handle.WssMarketHandle.dealPing:128] - dealPing出现了异常
2020-01-09 18:30:11.854 [ERROR] [pool-1-thread-2] [com.huobi.wss.handle.WssMarketHandle.run:141] - isClosed:true,isClosing:false，准备重连
2020-01-09 18:30:12.535 [DEBUG] [WebSocketConnectReadThread-17] [com.huobi.wss.handle.WssMarketHandle.onOpen:57] - onOpen Success
2020-01-09 18:30:12.550 [ERROR] [pool-1-thread-2] [com.huobi.wss.handle.WssMarketHandle.run:143] - 重连的结果为：true
2020-01-09 18:30:15.548 [DEBUG] [pool-2-thread-1] [com.huobi.wss.handle.WssMarketHandle.dealPing:125] - 发送pong:{"pong":29}
2020-01-09 18:30:26.519 [DEBUG] [pool-2-thread-1] [com.huobi.wss.handle.WssMarketHandle.dealPing:125] - 发送pong:{"pong":30}
2020-01-09 18:30:43.473 [DEBUG] [pool-2-thread-1] [com.huobi.wss.handle.WssMarketHandle.dealPing:125] - 发送pong:{"pong":31}
2020-01-09 18:30:53.526 [DEBUG] [pool-2-thread-1] [com.huobi.wss.handle.WssMarketHandle.dealPing:125] - 发送pong:{"pong":32}
2020-01-09 18:31:01.265 [DEBUG] [pool-2-thread-1] [com.huobi.wss.handle.WssMarketHandle.dealPing:125] - 发送pong:{"pong":33}
