2020-01-13 18:00:12.678 [DEBUG] [pool-2-thread-1] [com.huobi.wss.handle.WssMarketHandle.dealPing:125] - 发送pong:{"pong":2}
2020-01-13 18:00:32.761 [ERROR] [WebSocketConnectReadThread-10] [com.huobi.wss.handle.WssMarketHandle.onClose:93] - onClose i:1006,s:,b:true
2020-01-13 18:00:38.054 [DEBUG] [pool-2-thread-1] [com.huobi.wss.handle.WssMarketHandle.dealPing:125] - 发送pong:{"pong":3}
2020-01-13 18:00:38.055 [ERROR] [pool-2-thread-1] [com.huobi.wss.handle.WssMarketHandle.dealPing:128] - dealPing出现了异常
2020-01-13 18:00:45.430 [DEBUG] [pool-2-thread-1] [com.huobi.wss.handle.WssMarketHandle.dealPing:125] - 发送pong:{"pong":4}
2020-01-13 18:00:45.431 [ERROR] [pool-2-thread-1] [com.huobi.wss.handle.WssMarketHandle.dealPing:128] - dealPing出现了异常
2020-01-13 18:00:48.794 [ERROR] [pool-1-thread-1] [com.huobi.wss.handle.WssMarketHandle.run:141] - isClosed:true,isClosing:false，准备重连
2020-01-13 18:00:49.285 [DEBUG] [WebSocketConnectReadThread-19] [com.huobi.wss.handle.WssMarketHandle.onOpen:57] - onOpen Success
2020-01-13 18:00:49.292 [ERROR] [pool-1-thread-1] [com.huobi.wss.handle.WssMarketHandle.run:143] - 重连的结果为：true
2020-01-13 18:00:55.369 [DEBUG] [pool-2-thread-1] [com.huobi.wss.handle.WssMarketHandle.dealPing:125] - 发送pong:{"pong":5}
2020-01-13 18:01:13.003 [DEBUG] [pool-2-thread-1] [com.huobi.wss.handle.WssMarketHandle.dealPing:125] - 发送pong:{"pong":6}
2020-01-13 18:01:21.572 [DEBUG] [pool-2-thread-1] [com.huobi.wss.handle.WssMarketHandle.dealPing:125] - 发送pong:{"pong":7}
2020-01-13 18:01:27.856 [DEBUG] [pool-2-thread-1] [com.huobi.wss.handle.WssMarketHandle.dealPing:125] - 发送pong:{"pong":8}
2020-01-13 18:01:47.944 [ERROR] [WebSocketConnectReadThread-19] [com.huobi.wss.handle.WssMarketHandle.onClose:93] - onClose i:1006,s:,b:true
2020-01-13 18:01:48.793 [ERROR] [pool-1-thread-1] [com.huobi.wss.handle.WssMarketHandle.run:141] - isClosed:true,isClosing:false，准备重连
2020-01-13 18:01:49.428 [DEBUG] [WebSocketConnectReadThread-23] [com.huobi.wss.handle.WssMarketHandle.onOpen:57] - onOpen Success
2020-01-13 18:01:49.434 [ERROR] [pool-1-thread-1] [com.huobi.wss.handle.WssMarketHandle.run:143] - 重连的结果为：true
2020-01-13 18:02:00.067 [DEBUG] [pool-2-thread-1] [com.huobi.wss.handle.WssMarketHandle.dealPing:125] - 发送pong:{"pong":9}
2020-01-13 18:02:03.711 [DEBUG] [pool-2-thread-1] [com.huobi.wss.handle.WssMarketHandle.dealPing:125] - 发送pong:{"pong":10}
2020-01-13 18:02:12.186 [DEBUG] [pool-2-thread-1] [com.huobi.wss.handle.WssMarketHandle.dealPing:125] - 发送pong:{"pong":11}
2020-01-13 18:02:32.260 [ERROR] [WebSocketConnectReadThread-23] [com.huobi.wss.handle.WssMarketHandle.onClose:93] - onClose i:1006,s:,b:true
2020-01-13 18:02:34.329 [DEBUG] [pool-2-thread-1] [com.huobi.wss.handle.WssMarketHandle.dealPing:125] - 发送pong:{"pong":12}
2020-01-13 18:02:34.329 [ERROR] [pool-2-thread-1] [com.huobi.wss.handle.WssMarketHandle.dealPing:128] - dealPing出现了异常
2020-01-13 18:02:38.793 [ERROR] [pool-1-thread-2] [com.huobi.wss.handle.WssMarketHandle.run:141] - isClosed:true,isClosing:false，准备重连
2020-01-13 18:02:39.447 [DEBUG] [WebSocketConnectReadThread-26] [com.huobi.wss.handle.WssMarketHandle.onOpen:57] - onOpen Success
2020-01-13 18:02:39.451 [ERROR] [pool-1-thread-2] [com.huobi.wss.handle.WssMarketHandle.run:143] - 重连的结果为：true
2020-01-13 18:02:45.702 [DEBUG] [pool-2-thread-1] [com.huobi.wss.handle.WssMarketHandle.dealPing:125] - 发送pong:{"pong":13}
2020-01-13 18:02:51.814 [DEBUG] [pool-2-thread-1] [com.huobi.wss.handle.WssMarketHandle.dealPing:125] - 发送pong:{"pong":14}
2020-01-13 18:03:03.052 [DEBUG] [pool-2-thread-1] [com.huobi.wss.handle.WssMarketHandle.dealPing:125] - 发送pong:{"pong":15}
2020-01-13 18:03:17.781 [DEBUG] [pool-2-thread-1] [com.huobi.wss.handle.WssMarketHandle.dealPing:125] - 发送pong:{"pong":16}
2020-01-13 18:03:28.543 [DEBUG] [pool-2-thread-1] [com.huobi.wss.handle.WssMarketHandle.dealPing:125] - 发送pong:{"pong":17}
2020-01-13 18:03:32.330 [DEBUG] [pool-2-thread-1] [com.huobi.wss.handle.WssMarketHandle.dealPing:125] - 发送pong:{"pong":18}
2020-01-13 18:03:43.414 [DEBUG] [pool-2-thread-1] [com.huobi.wss.handle.WssMarketHandle.dealPing:125] - 发送pong:{"pong":19}
2020-01-13 18:05:03.646 [DEBUG] [WebSocketConnectReadThread-10] [com.huobi.wss.handle.WssMarketHandle.onOpen:57] - onOpen Success
2020-01-13 18:05:08.639 [DEBUG] [pool-2-thread-1] [com.huobi.wss.handle.WssMarketHandle.dealPing:125] - 发送pong:{"pong":1}
2020-01-13 18:05:13.638 [DEBUG] [pool-2-thread-1] [com.huobi.wss.handle.WssMarketHandle.dealPing:125] - 发送pong:{"pong":2}
2020-01-13 18:05:18.641 [DEBUG] [pool-2-thread-1] [com.huobi.wss.handle.WssMarketHandle.dealPing:125] - 发送pong:{"pong":3}
2020-01-13 18:06:09.745 [DEBUG] [WebSocketConnectReadThread-10] [com.huobi.wss.handle.WssMarketHandle.onOpen:57] - onOpen Success
2020-01-13 18:06:14.736 [DEBUG] [pool-2-thread-1] [com.huobi.wss.handle.WssMarketHandle.dealPing:125] - 发送pong:{"pong":1}
2020-01-13 18:06:19.734 [DEBUG] [pool-2-thread-1] [com.huobi.wss.handle.WssMarketHandle.dealPing:125] - 发送pong:{"pong":2}
2020-01-13 18:06:24.736 [DEBUG] [pool-2-thread-1] [com.huobi.wss.handle.WssMarketHandle.dealPing:125] - 发送pong:{"pong":3}
2020-01-13 18:06:29.737 [DEBUG] [pool-2-thread-1] [com.huobi.wss.handle.WssMarketHandle.dealPing:125] - 发送pong:{"pong":4}
2020-01-13 18:06:34.735 [DEBUG] [pool-2-thread-1] [com.huobi.wss.handle.WssMarketHandle.dealPing:125] - 发送pong:{"pong":5}
2020-01-13 18:06:39.737 [DEBUG] [pool-2-thread-1] [com.huobi.wss.handle.WssMarketHandle.dealPing:125] - 发送pong:{"pong":6}
2020-01-13 18:06:44.734 [DEBUG] [pool-2-thread-1] [com.huobi.wss.handle.WssMarketHandle.dealPing:125] - 发送pong:{"pong":7}
2020-01-13 18:06:49.735 [DEBUG] [pool-2-thread-1] [com.huobi.wss.handle.WssMarketHandle.dealPing:125] - 发送pong:{"pong":8}
2020-01-13 18:06:54.735 [DEBUG] [pool-2-thread-1] [com.huobi.wss.handle.WssMarketHandle.dealPing:125] - 发送pong:{"pong":9}
2020-01-13 18:06:59.735 [DEBUG] [pool-2-thread-1] [com.huobi.wss.handle.WssMarketHandle.dealPing:125] - 发送pong:{"pong":10}
2020-01-13 18:07:04.736 [DEBUG] [pool-2-thread-1] [com.huobi.wss.handle.WssMarketHandle.dealPing:125] - 发送pong:{"pong":11}
2020-01-13 18:07:09.828 [DEBUG] [pool-2-thread-1] [com.huobi.wss.handle.WssMarketHandle.dealPing:125] - 发送pong:{"pong":12}
2020-01-13 18:07:14.743 [DEBUG] [pool-2-thread-1] [com.huobi.wss.handle.WssMarketHandle.dealPing:125] - 发送pong:{"pong":13}
2020-01-13 18:07:19.740 [DEBUG] [pool-2-thread-1] [com.huobi.wss.handle.WssMarketHandle.dealPing:125] - 发送pong:{"pong":14}
2020-01-13 18:07:24.737 [DEBUG] [pool-2-thread-1] [com.huobi.wss.handle.WssMarketHandle.dealPing:125] - 发送pong:{"pong":15}
2020-01-13 18:07:29.733 [DEBUG] [pool-2-thread-1] [com.huobi.wss.handle.WssMarketHandle.dealPing:125] - 发送pong:{"pong":16}
2020-01-13 18:07:34.734 [DEBUG] [pool-2-thread-1] [com.huobi.wss.handle.WssMarketHandle.dealPing:125] - 发送pong:{"pong":17}
2020-01-13 18:07:39.735 [DEBUG] [pool-2-thread-1] [com.huobi.wss.handle.WssMarketHandle.dealPing:125] - 发送pong:{"pong":18}
2020-01-13 18:07:44.736 [DEBUG] [pool-2-thread-1] [com.huobi.wss.handle.WssMarketHandle.dealPing:125] - 发送pong:{"pong":19}
2020-01-13 18:07:49.740 [DEBUG] [pool-2-thread-1] [com.huobi.wss.handle.WssMarketHandle.dealPing:125] - 发送pong:{"pong":20}
2020-01-13 18:07:54.733 [DEBUG] [pool-2-thread-1] [com.huobi.wss.handle.WssMarketHandle.dealPing:125] - 发送pong:{"pong":21}
2020-01-13 18:07:59.736 [DEBUG] [pool-2-thread-1] [com.huobi.wss.handle.WssMarketHandle.dealPing:125] - 发送pong:{"pong":22}
2020-01-13 18:08:04.735 [DEBUG] [pool-2-thread-1] [com.huobi.wss.handle.WssMarketHandle.dealPing:125] - 发送pong:{"pong":23}
2020-01-13 18:08:09.735 [DEBUG] [pool-2-thread-1] [com.huobi.wss.handle.WssMarketHandle.dealPing:125] - 发送pong:{"pong":24}
2020-01-13 18:08:14.738 [DEBUG] [pool-2-thread-1] [com.huobi.wss.handle.WssMarketHandle.dealPing:125] - 发送pong:{"pong":25}
2020-01-13 18:08:19.735 [DEBUG] [pool-2-thread-1] [com.huobi.wss.handle.WssMarketHandle.dealPing:125] - 发送pong:{"pong":26}
2020-01-13 18:08:24.743 [DEBUG] [pool-2-thread-1] [com.huobi.wss.handle.WssMarketHandle.dealPing:125] - 发送pong:{"pong":27}
2020-01-13 18:08:29.735 [DEBUG] [pool-2-thread-1] [com.huobi.wss.handle.WssMarketHandle.dealPing:125] - 发送pong:{"pong":28}
2020-01-13 18:08:34.737 [DEBUG] [pool-2-thread-1] [com.huobi.wss.handle.WssMarketHandle.dealPing:125] - 发送pong:{"pong":29}
2020-01-13 18:08:39.733 [DEBUG] [pool-2-thread-1] [com.huobi.wss.handle.WssMarketHandle.dealPing:125] - 发送pong:{"pong":30}
2020-01-13 18:08:44.736 [DEBUG] [pool-2-thread-1] [com.huobi.wss.handle.WssMarketHandle.dealPing:125] - 发送pong:{"pong":31}
2020-01-13 18:08:49.736 [DEBUG] [pool-2-thread-1] [com.huobi.wss.handle.WssMarketHandle.dealPing:125] - 发送pong:{"pong":32}
2020-01-13 18:08:54.734 [DEBUG] [pool-2-thread-1] [com.huobi.wss.handle.WssMarketHandle.dealPing:125] - 发送pong:{"pong":33}
2020-01-13 18:08:59.976 [DEBUG] [pool-2-thread-1] [com.huobi.wss.handle.WssMarketHandle.dealPing:125] - 发送pong:{"pong":34}
2020-01-13 18:09:04.737 [DEBUG] [pool-2-thread-1] [com.huobi.wss.handle.WssMarketHandle.dealPing:125] - 发送pong:{"pong":35}
2020-01-13 18:09:09.740 [DEBUG] [pool-2-thread-1] [com.huobi.wss.handle.WssMarketHandle.dealPing:125] - 发送pong:{"pong":36}
2020-01-13 18:09:14.735 [DEBUG] [pool-2-thread-1] [com.huobi.wss.handle.WssMarketHandle.dealPing:125] - 发送pong:{"pong":37}
2020-01-13 18:09:19.734 [DEBUG] [pool-2-thread-1] [com.huobi.wss.handle.WssMarketHandle.dealPing:125] - 发送pong:{"pong":38}
2020-01-13 18:09:24.735 [DEBUG] [pool-2-thread-1] [com.huobi.wss.handle.WssMarketHandle.dealPing:125] - 发送pong:{"pong":39}
2020-01-13 18:09:29.736 [DEBUG] [pool-2-thread-1] [com.huobi.wss.handle.WssMarketHandle.dealPing:125] - 发送pong:{"pong":40}
2020-01-13 18:09:34.736 [DEBUG] [pool-2-thread-1] [com.huobi.wss.handle.WssMarketHandle.dealPing:125] - 发送pong:{"pong":41}
2020-01-13 18:09:39.734 [DEBUG] [pool-2-thread-1] [com.huobi.wss.handle.WssMarketHandle.dealPing:125] - 发送pong:{"pong":42}
2020-01-13 18:09:44.735 [DEBUG] [pool-2-thread-1] [com.huobi.wss.handle.WssMarketHandle.dealPing:125] - 发送pong:{"pong":43}
2020-01-13 18:09:49.734 [DEBUG] [pool-2-thread-1] [com.huobi.wss.handle.WssMarketHandle.dealPing:125] - 发送pong:{"pong":44}
2020-01-13 18:09:54.741 [DEBUG] [pool-2-thread-1] [com.huobi.wss.handle.WssMarketHandle.dealPing:125] - 发送pong:{"pong":45}
2020-01-13 18:09:59.734 [DEBUG] [pool-2-thread-1] [com.huobi.wss.handle.WssMarketHandle.dealPing:125] - 发送pong:{"pong":46}
2020-01-13 18:10:04.736 [DEBUG] [pool-2-thread-1] [com.huobi.wss.handle.WssMarketHandle.dealPing:125] - 发送pong:{"pong":47}
2020-01-13 18:10:09.735 [DEBUG] [pool-2-thread-1] [com.huobi.wss.handle.WssMarketHandle.dealPing:125] - 发送pong:{"pong":48}
2020-01-13 18:10:14.736 [DEBUG] [pool-2-thread-1] [com.huobi.wss.handle.WssMarketHandle.dealPing:125] - 发送pong:{"pong":49}
2020-01-13 18:10:19.738 [DEBUG] [pool-2-thread-1] [com.huobi.wss.handle.WssMarketHandle.dealPing:125] - 发送pong:{"pong":50}
2020-01-13 18:10:24.733 [DEBUG] [pool-2-thread-1] [com.huobi.wss.handle.WssMarketHandle.dealPing:125] - 发送pong:{"pong":51}
2020-01-13 18:10:29.733 [DEBUG] [pool-2-thread-1] [com.huobi.wss.handle.WssMarketHandle.dealPing:125] - 发送pong:{"pong":52}
2020-01-13 18:10:34.735 [DEBUG] [pool-2-thread-1] [com.huobi.wss.handle.WssMarketHandle.dealPing:125] - 发送pong:{"pong":53}
2020-01-13 18:10:39.735 [DEBUG] [pool-2-thread-1] [com.huobi.wss.handle.WssMarketHandle.dealPing:125] - 发送pong:{"pong":54}
2020-01-13 18:10:44.734 [DEBUG] [pool-2-thread-1] [com.huobi.wss.handle.WssMarketHandle.dealPing:125] - 发送pong:{"pong":55}
2020-01-13 18:10:49.735 [DEBUG] [pool-2-thread-1] [com.huobi.wss.handle.WssMarketHandle.dealPing:125] - 发送pong:{"pong":56}
2020-01-13 18:10:54.744 [DEBUG] [pool-2-thread-1] [com.huobi.wss.handle.WssMarketHandle.dealPing:125] - 发送pong:{"pong":57}
2020-01-13 18:10:59.744 [DEBUG] [pool-2-thread-1] [com.huobi.wss.handle.WssMarketHandle.dealPing:125] - 发送pong:{"pong":58}
2020-01-13 18:11:04.758 [DEBUG] [pool-2-thread-1] [com.huobi.wss.handle.WssMarketHandle.dealPing:125] - 发送pong:{"pong":59}
2020-01-13 18:11:09.735 [DEBUG] [pool-2-thread-1] [com.huobi.wss.handle.WssMarketHandle.dealPing:125] - 发送pong:{"pong":60}
2020-01-13 18:11:14.740 [DEBUG] [pool-2-thread-1] [com.huobi.wss.handle.WssMarketHandle.dealPing:125] - 发送pong:{"pong":61}
2020-01-13 18:11:19.735 [DEBUG] [pool-2-thread-1] [com.huobi.wss.handle.WssMarketHandle.dealPing:125] - 发送pong:{"pong":62}
2020-01-13 18:11:24.732 [DEBUG] [pool-2-thread-1] [com.huobi.wss.handle.WssMarketHandle.dealPing:125] - 发送pong:{"pong":63}
2020-01-13 18:11:29.734 [DEBUG] [pool-2-thread-1] [com.huobi.wss.handle.WssMarketHandle.dealPing:125] - 发送pong:{"pong":64}
2020-01-13 18:11:34.735 [DEBUG] [pool-2-thread-1] [com.huobi.wss.handle.WssMarketHandle.dealPing:125] - 发送pong:{"pong":65}
2020-01-13 18:11:39.737 [DEBUG] [pool-2-thread-1] [com.huobi.wss.handle.WssMarketHandle.dealPing:125] - 发送pong:{"pong":66}
2020-01-13 18:12:00.842 [DEBUG] [WebSocketConnectReadThread-10] [com.huobi.wss.handle.WssMarketHandle.onOpen:57] - onOpen Success
2020-01-13 18:12:05.839 [DEBUG] [pool-2-thread-1] [com.huobi.wss.handle.WssMarketHandle.dealPing:125] - 发送pong:{"pong":1}
2020-01-13 18:12:10.837 [DEBUG] [pool-2-thread-1] [com.huobi.wss.handle.WssMarketHandle.dealPing:125] - 发送pong:{"pong":2}
2020-01-13 18:12:15.836 [DEBUG] [pool-2-thread-1] [com.huobi.wss.handle.WssMarketHandle.dealPing:125] - 发送pong:{"pong":3}
2020-01-13 18:12:20.836 [DEBUG] [pool-2-thread-1] [com.huobi.wss.handle.WssMarketHandle.dealPing:125] - 发送pong:{"pong":4}
2020-01-13 18:12:25.838 [DEBUG] [pool-2-thread-1] [com.huobi.wss.handle.WssMarketHandle.dealPing:125] - 发送pong:{"pong":5}
2020-01-13 18:12:30.836 [DEBUG] [pool-2-thread-1] [com.huobi.wss.handle.WssMarketHandle.dealPing:125] - 发送pong:{"pong":6}
2020-01-13 18:12:35.836 [DEBUG] [pool-2-thread-1] [com.huobi.wss.handle.WssMarketHandle.dealPing:125] - 发送pong:{"pong":7}
2020-01-13 18:12:40.836 [DEBUG] [pool-2-thread-1] [com.huobi.wss.handle.WssMarketHandle.dealPing:125] - 发送pong:{"pong":8}
2020-01-13 18:12:45.840 [DEBUG] [pool-2-thread-1] [com.huobi.wss.handle.WssMarketHandle.dealPing:125] - 发送pong:{"pong":9}
2020-01-13 18:12:50.836 [DEBUG] [pool-2-thread-1] [com.huobi.wss.handle.WssMarketHandle.dealPing:125] - 发送pong:{"pong":10}
2020-01-13 18:12:55.947 [DEBUG] [pool-2-thread-1] [com.huobi.wss.handle.WssMarketHandle.dealPing:125] - 发送pong:{"pong":11}
2020-01-13 18:13:00.838 [DEBUG] [pool-2-thread-1] [com.huobi.wss.handle.WssMarketHandle.dealPing:125] - 发送pong:{"pong":12}
2020-01-13 18:13:05.836 [DEBUG] [pool-2-thread-1] [com.huobi.wss.handle.WssMarketHandle.dealPing:125] - 发送pong:{"pong":13}
2020-01-13 18:13:10.838 [DEBUG] [pool-2-thread-1] [com.huobi.wss.handle.WssMarketHandle.dealPing:125] - 发送pong:{"pong":14}
2020-01-13 18:13:15.839 [DEBUG] [pool-2-thread-1] [com.huobi.wss.handle.WssMarketHandle.dealPing:125] - 发送pong:{"pong":15}
2020-01-13 18:13:20.835 [DEBUG] [pool-2-thread-1] [com.huobi.wss.handle.WssMarketHandle.dealPing:125] - 发送pong:{"pong":16}
2020-01-13 18:13:25.863 [DEBUG] [pool-2-thread-1] [com.huobi.wss.handle.WssMarketHandle.dealPing:125] - 发送pong:{"pong":17}
2020-01-13 18:13:30.837 [DEBUG] [pool-2-thread-1] [com.huobi.wss.handle.WssMarketHandle.dealPing:125] - 发送pong:{"pong":18}
2020-01-13 18:13:35.836 [DEBUG] [pool-2-thread-1] [com.huobi.wss.handle.WssMarketHandle.dealPing:125] - 发送pong:{"pong":19}
2020-01-13 18:13:40.837 [DEBUG] [pool-2-thread-1] [com.huobi.wss.handle.WssMarketHandle.dealPing:125] - 发送pong:{"pong":20}
2020-01-13 18:13:45.839 [DEBUG] [pool-2-thread-1] [com.huobi.wss.handle.WssMarketHandle.dealPing:125] - 发送pong:{"pong":21}
2020-01-13 18:13:50.836 [DEBUG] [pool-2-thread-1] [com.huobi.wss.handle.WssMarketHandle.dealPing:125] - 发送pong:{"pong":22}
2020-01-13 18:13:55.835 [DEBUG] [pool-2-thread-1] [com.huobi.wss.handle.WssMarketHandle.dealPing:125] - 发送pong:{"pong":23}
2020-01-13 18:14:00.837 [DEBUG] [pool-2-thread-1] [com.huobi.wss.handle.WssMarketHandle.dealPing:125] - 发送pong:{"pong":24}
2020-01-13 18:14:05.835 [DEBUG] [pool-2-thread-1] [com.huobi.wss.handle.WssMarketHandle.dealPing:125] - 发送pong:{"pong":25}
2020-01-13 18:14:10.837 [DEBUG] [pool-2-thread-1] [com.huobi.wss.handle.WssMarketHandle.dealPing:125] - 发送pong:{"pong":26}
2020-01-13 18:14:15.834 [DEBUG] [pool-2-thread-1] [com.huobi.wss.handle.WssMarketHandle.dealPing:125] - 发送pong:{"pong":27}
2020-01-13 18:14:20.836 [DEBUG] [pool-2-thread-1] [com.huobi.wss.handle.WssMarketHandle.dealPing:125] - 发送pong:{"pong":28}
2020-01-13 18:14:25.833 [DEBUG] [pool-2-thread-1] [com.huobi.wss.handle.WssMarketHandle.dealPing:125] - 发送pong:{"pong":29}
2020-01-13 18:14:30.834 [DEBUG] [pool-2-thread-1] [com.huobi.wss.handle.WssMarketHandle.dealPing:125] - 发送pong:{"pong":30}
2020-01-13 18:14:35.836 [DEBUG] [pool-2-thread-1] [com.huobi.wss.handle.WssMarketHandle.dealPing:125] - 发送pong:{"pong":31}
2020-01-13 18:14:40.836 [DEBUG] [pool-2-thread-1] [com.huobi.wss.handle.WssMarketHandle.dealPing:125] - 发送pong:{"pong":32}
2020-01-13 18:14:45.838 [DEBUG] [pool-2-thread-1] [com.huobi.wss.handle.WssMarketHandle.dealPing:125] - 发送pong:{"pong":33}
2020-01-13 18:14:50.836 [DEBUG] [pool-2-thread-1] [com.huobi.wss.handle.WssMarketHandle.dealPing:125] - 发送pong:{"pong":34}
2020-01-13 18:14:55.834 [DEBUG] [pool-2-thread-1] [com.huobi.wss.handle.WssMarketHandle.dealPing:125] - 发送pong:{"pong":35}
2020-01-13 18:15:00.836 [DEBUG] [pool-2-thread-1] [com.huobi.wss.handle.WssMarketHandle.dealPing:125] - 发送pong:{"pong":36}
2020-01-13 18:15:05.835 [DEBUG] [pool-2-thread-1] [com.huobi.wss.handle.WssMarketHandle.dealPing:125] - 发送pong:{"pong":37}
2020-01-13 18:15:10.836 [DEBUG] [pool-2-thread-1] [com.huobi.wss.handle.WssMarketHandle.dealPing:125] - 发送pong:{"pong":38}
2020-01-13 18:15:15.838 [DEBUG] [pool-2-thread-1] [com.huobi.wss.handle.WssMarketHandle.dealPing:125] - 发送pong:{"pong":39}
2020-01-13 18:15:20.836 [DEBUG] [pool-2-thread-1] [com.huobi.wss.handle.WssMarketHandle.dealPing:125] - 发送pong:{"pong":40}
2020-01-13 18:15:25.835 [DEBUG] [pool-2-thread-1] [com.huobi.wss.handle.WssMarketHandle.dealPing:125] - 发送pong:{"pong":41}
2020-01-13 18:15:30.835 [DEBUG] [pool-2-thread-1] [com.huobi.wss.handle.WssMarketHandle.dealPing:125] - 发送pong:{"pong":42}
2020-01-13 18:15:35.834 [DEBUG] [pool-2-thread-1] [com.huobi.wss.handle.WssMarketHandle.dealPing:125] - 发送pong:{"pong":43}
2020-01-13 18:15:40.841 [DEBUG] [pool-2-thread-1] [com.huobi.wss.handle.WssMarketHandle.dealPing:125] - 发送pong:{"pong":44}
2020-01-13 18:15:45.837 [DEBUG] [pool-2-thread-1] [com.huobi.wss.handle.WssMarketHandle.dealPing:125] - 发送pong:{"pong":45}
2020-01-13 18:15:50.837 [DEBUG] [pool-2-thread-1] [com.huobi.wss.handle.WssMarketHandle.dealPing:125] - 发送pong:{"pong":46}
2020-01-13 18:15:55.836 [DEBUG] [pool-2-thread-1] [com.huobi.wss.handle.WssMarketHandle.dealPing:125] - 发送pong:{"pong":47}
2020-01-13 18:16:00.836 [DEBUG] [pool-2-thread-1] [com.huobi.wss.handle.WssMarketHandle.dealPing:125] - 发送pong:{"pong":48}
2020-01-13 18:16:05.840 [DEBUG] [pool-2-thread-1] [com.huobi.wss.handle.WssMarketHandle.dealPing:125] - 发送pong:{"pong":49}
2020-01-13 18:16:11.080 [DEBUG] [pool-2-thread-1] [com.huobi.wss.handle.WssMarketHandle.dealPing:125] - 发送pong:{"pong":50}
2020-01-13 18:16:15.835 [DEBUG] [pool-2-thread-1] [com.huobi.wss.handle.WssMarketHandle.dealPing:125] - 发送pong:{"pong":51}
2020-01-13 18:16:20.834 [DEBUG] [pool-2-thread-1] [com.huobi.wss.handle.WssMarketHandle.dealPing:125] - 发送pong:{"pong":52}
2020-01-13 18:16:25.838 [DEBUG] [pool-2-thread-1] [com.huobi.wss.handle.WssMarketHandle.dealPing:125] - 发送pong:{"pong":53}
2020-01-13 18:16:30.837 [DEBUG] [pool-2-thread-1] [com.huobi.wss.handle.WssMarketHandle.dealPing:125] - 发送pong:{"pong":54}
2020-01-13 18:16:35.836 [DEBUG] [pool-2-thread-1] [com.huobi.wss.handle.WssMarketHandle.dealPing:125] - 发送pong:{"pong":55}
2020-01-13 18:16:40.842 [DEBUG] [pool-2-thread-1] [com.huobi.wss.handle.WssMarketHandle.dealPing:125] - 发送pong:{"pong":56}
2020-01-13 18:16:45.834 [DEBUG] [pool-2-thread-1] [com.huobi.wss.handle.WssMarketHandle.dealPing:125] - 发送pong:{"pong":57}
2020-01-13 18:16:50.834 [DEBUG] [pool-2-thread-1] [com.huobi.wss.handle.WssMarketHandle.dealPing:125] - 发送pong:{"pong":58}
2020-01-13 18:16:55.834 [DEBUG] [pool-2-thread-1] [com.huobi.wss.handle.WssMarketHandle.dealPing:125] - 发送pong:{"pong":59}
2020-01-13 18:17:00.836 [DEBUG] [pool-2-thread-1] [com.huobi.wss.handle.WssMarketHandle.dealPing:125] - 发送pong:{"pong":60}
2020-01-13 18:17:05.835 [DEBUG] [pool-2-thread-1] [com.huobi.wss.handle.WssMarketHandle.dealPing:125] - 发送pong:{"pong":61}
2020-01-13 18:17:10.835 [DEBUG] [pool-2-thread-1] [com.huobi.wss.handle.WssMarketHandle.dealPing:125] - 发送pong:{"pong":62}
2020-01-13 18:17:15.834 [DEBUG] [pool-2-thread-1] [com.huobi.wss.handle.WssMarketHandle.dealPing:125] - 发送pong:{"pong":63}
2020-01-13 18:17:20.834 [DEBUG] [pool-2-thread-1] [com.huobi.wss.handle.WssMarketHandle.dealPing:125] - 发送pong:{"pong":64}
2020-01-13 18:17:25.833 [DEBUG] [pool-2-thread-1] [com.huobi.wss.handle.WssMarketHandle.dealPing:125] - 发送pong:{"pong":65}
2020-01-13 18:17:30.835 [DEBUG] [pool-2-thread-1] [com.huobi.wss.handle.WssMarketHandle.dealPing:125] - 发送pong:{"pong":66}
2020-01-13 18:17:35.832 [DEBUG] [pool-2-thread-1] [com.huobi.wss.handle.WssMarketHandle.dealPing:125] - 发送pong:{"pong":67}
2020-01-13 18:17:40.833 [DEBUG] [pool-2-thread-1] [com.huobi.wss.handle.WssMarketHandle.dealPing:125] - 发送pong:{"pong":68}
2020-01-13 18:17:45.835 [DEBUG] [pool-2-thread-1] [com.huobi.wss.handle.WssMarketHandle.dealPing:125] - 发送pong:{"pong":69}
2020-01-13 18:17:50.834 [DEBUG] [pool-2-thread-1] [com.huobi.wss.handle.WssMarketHandle.dealPing:125] - 发送pong:{"pong":70}
2020-01-13 18:17:55.834 [DEBUG] [pool-2-thread-1] [com.huobi.wss.handle.WssMarketHandle.dealPing:125] - 发送pong:{"pong":71}
2020-01-13 18:18:00.835 [DEBUG] [pool-2-thread-1] [com.huobi.wss.handle.WssMarketHandle.dealPing:125] - 发送pong:{"pong":72}
2020-01-13 18:18:05.835 [DEBUG] [pool-2-thread-1] [com.huobi.wss.handle.WssMarketHandle.dealPing:125] - 发送pong:{"pong":73}
2020-01-13 18:18:10.834 [DEBUG] [pool-2-thread-1] [com.huobi.wss.handle.WssMarketHandle.dealPing:125] - 发送pong:{"pong":74}
2020-01-13 18:18:15.833 [DEBUG] [pool-2-thread-1] [com.huobi.wss.handle.WssMarketHandle.dealPing:125] - 发送pong:{"pong":75}
2020-01-13 18:18:20.835 [DEBUG] [pool-2-thread-1] [com.huobi.wss.handle.WssMarketHandle.dealPing:125] - 发送pong:{"pong":76}
2020-01-13 18:18:25.899 [DEBUG] [pool-2-thread-1] [com.huobi.wss.handle.WssMarketHandle.dealPing:125] - 发送pong:{"pong":77}
2020-01-13 18:18:30.834 [DEBUG] [pool-2-thread-1] [com.huobi.wss.handle.WssMarketHandle.dealPing:125] - 发送pong:{"pong":78}
2020-01-13 18:18:35.832 [DEBUG] [pool-2-thread-1] [com.huobi.wss.handle.WssMarketHandle.dealPing:125] - 发送pong:{"pong":79}
2020-01-13 18:18:40.834 [DEBUG] [pool-2-thread-1] [com.huobi.wss.handle.WssMarketHandle.dealPing:125] - 发送pong:{"pong":80}
2020-01-13 18:18:45.833 [DEBUG] [pool-2-thread-1] [com.huobi.wss.handle.WssMarketHandle.dealPing:125] - 发送pong:{"pong":81}
2020-01-13 18:18:50.835 [DEBUG] [pool-2-thread-1] [com.huobi.wss.handle.WssMarketHandle.dealPing:125] - 发送pong:{"pong":82}
2020-01-13 18:18:55.839 [DEBUG] [pool-2-thread-1] [com.huobi.wss.handle.WssMarketHandle.dealPing:125] - 发送pong:{"pong":83}
2020-01-13 18:19:00.836 [DEBUG] [pool-2-thread-1] [com.huobi.wss.handle.WssMarketHandle.dealPing:125] - 发送pong:{"pong":84}
2020-01-13 18:19:05.844 [DEBUG] [pool-2-thread-1] [com.huobi.wss.handle.WssMarketHandle.dealPing:125] - 发送pong:{"pong":85}
2020-01-13 18:19:10.835 [DEBUG] [pool-2-thread-1] [com.huobi.wss.handle.WssMarketHandle.dealPing:125] - 发送pong:{"pong":86}
2020-01-13 18:19:15.832 [DEBUG] [pool-2-thread-1] [com.huobi.wss.handle.WssMarketHandle.dealPing:125] - 发送pong:{"pong":87}
2020-01-13 18:19:20.835 [DEBUG] [pool-2-thread-1] [com.huobi.wss.handle.WssMarketHandle.dealPing:125] - 发送pong:{"pong":88}
2020-01-13 18:19:25.835 [DEBUG] [pool-2-thread-1] [com.huobi.wss.handle.WssMarketHandle.dealPing:125] - 发送pong:{"pong":89}
2020-01-13 18:19:30.833 [DEBUG] [pool-2-thread-1] [com.huobi.wss.handle.WssMarketHandle.dealPing:125] - 发送pong:{"pong":90}
2020-01-13 18:19:35.834 [DEBUG] [pool-2-thread-1] [com.huobi.wss.handle.WssMarketHandle.dealPing:125] - 发送pong:{"pong":91}
2020-01-13 18:19:40.833 [DEBUG] [pool-2-thread-1] [com.huobi.wss.handle.WssMarketHandle.dealPing:125] - 发送pong:{"pong":92}
